#
# There is insufficient memory for the Java Runtime Environment to continue.
# Native memory allocation (mmap) failed to map 268435456 bytes for G1 virtual space
# Possible reasons:
#   The system is out of physical RAM or swap space
#   The process is running with CompressedOops enabled, and the Java Heap may be blocking the growth of the native heap
# Possible solutions:
#   Reduce memory load on the system
#   Increase physical memory or swap space
#   Check if swap backing store is full
#   Decrease Java heap size (-Xmx/-Xms)
#   Decrease number of Java threads
#   Decrease Java thread stack sizes (-Xss)
#   Set larger code cache with -XX:ReservedCodeCacheSize=
#   JVM is running with Zero Based Compressed Oops mode in which the Java heap is
#     placed in the first 32GB address space. The Java Heap base address is the
#     maximum limit for the native heap growth. Please use -XX:HeapBaseMinAddress
#     to set the Java Heap base and to place the Java Heap above 32GB virtual address.
# This output file may be truncated or incomplete.
#
#  Out of Memory Error (os_windows.cpp:3466), pid=19324, tid=23848
#
# JRE version:  (16.0.2+7) (build )
# Java VM: OpenJDK 64-Bit Server VM (16.0.2+7-67, mixed mode, sharing, tiered, compressed oops, compressed class ptrs, g1 gc, windows-amd64)
# No core dump will be written. Minidumps are not enabled by default on client versions of Windows
#

---------------  S U M M A R Y ------------

Command Line: -javaagent:C:\Program Files\JetBrains\IntelliJ IDEA Community Edition 2021.1\lib\idea_rt.jar=61715:C:\Program Files\JetBrains\IntelliJ IDEA Community Edition 2021.1\bin -Dfile.encoding=UTF-8 com.example.server.ServerApplication

Host: Intel(R) Core(TM) i5-7600K CPU @ 3.80GHz, 4 cores, 15G,  Windows 10 , 64 bit Build 19041 (10.0.19041.1151)
Time: Wed Sep 15 13:05:08 2021 W. Europe Summer Time elapsed time: 0.021371 seconds (0d 0h 0m 0s)

---------------  T H R E A D  ---------------

Current thread (0x000001afe5996550):  JavaThread "Unknown thread" [_thread_in_vm, id=23848, stack(0x00000027b3900000,0x00000027b3a00000)]

Stack: [0x00000027b3900000,0x00000027b3a00000]
Native frames: (J=compiled Java code, j=interpreted, Vv=VM code, C=native code)
V  [jvm.dll+0x6681ca]
V  [jvm.dll+0x7c9e69]
V  [jvm.dll+0x7cb61e]
V  [jvm.dll+0x7cbc73]
V  [jvm.dll+0x242c55]
V  [jvm.dll+0x664f89]
V  [jvm.dll+0x659b75]
V  [jvm.dll+0x2fbfbb]
V  [jvm.dll+0x3031b6]
V  [jvm.dll+0x35299e]
V  [jvm.dll+0x352bcf]
V  [jvm.dll+0x2d3028]
V  [jvm.dll+0x2d4264]
V  [jvm.dll+0x79c741]
V  [jvm.dll+0x360791]
V  [jvm.dll+0x77a3f0]
V  [jvm.dll+0x3e4e8f]
V  [jvm.dll+0x3e6961]
C  [jli.dll+0x52fb]
C  [ucrtbase.dll+0x21bb2]
C  [KERNEL32.DLL+0x17034]
C  [ntdll.dll+0x52651]


---------------  P R O C E S S  ---------------

Threads class SMR info:
_java_thread_list=0x00007ff87a41cbb8, length=0, elements={
}

Java Threads: ( => current thread )

Other Threads:
  0x000001afe59e6d80 GCTaskThread "GC Thread#0" [stack: 0x00000027b3b00000,0x00000027b3c00000] [id=9016]
  0x000001afe59f7cc0 ConcurrentGCThread "G1 Main Marker" [stack: 0x00000027b3c00000,0x00000027b3d00000] [id=15740]
  0x000001afe59f8730 ConcurrentGCThread "G1 Conc#0" [stack: 0x00000027b3d00000,0x00000027b3e00000] [id=4108]

[error occurred during error reporting (printing all threads), id 0xc0000005, EXCEPTION_ACCESS_VIOLATION (0xc0000005) at pc=0x00007ff879bf3ee7]

VM state: not at safepoint (not fully initialized)

VM Mutex/Monitor currently owned by a thread:  ([mutex/lock_event])
[0x000001afe5992670] Heap_lock - owner thread: 0x000001afe5996550

Heap address: 0x0000000701000000, size: 4080 MB, Compressed Oops mode: Zero based, Oop shift amount: 3

CDS archive(s) mapped at: [0x0000000000000000-0x0000000000000000-0x0000000000000000), size 0, SharedBaseAddress: 0x0000000800000000, ArchiveRelocationMode: 0.
Narrow klass base: 0x0000000000000000, Narrow klass shift: 0, Narrow klass range: 0x0

GC Precious Log:
<Empty>

Heap:
 garbage-first heap   total 0K, used 0K [0x0000000701000000, 0x0000000800000000)
  region size 2048K, 0 young (0K), 0 survivors (0K)

[error occurred during error reporting (printing heap information), id 0xc0000005, EXCEPTION_ACCESS_VIOLATION (0xc0000005) at pc=0x00007ff879fd1eed]

GC Heap History (0 events):
No events

Deoptimization events (0 events):
No events

Classes unloaded (0 events):
No events

Classes redefined (0 events):
No events

Internal exceptions (0 events):
No events

Events (1 events):
Event: 0.009 Loaded shared library C:\Users\Mikey\.jdks\openjdk-16.0.2\bin\java.dll


Dynamic libraries:
0x00007ff6e8070000 - 0x00007ff6e807e000 	C:\Users\Mikey\.jdks\openjdk-16.0.2\bin\java.exe
0x00007ff8b2b90000 - 0x00007ff8b2d85000 	C:\WINDOWS\SYSTEM32\ntdll.dll
0x00007ff8b0e00000 - 0x00007ff8b0ebd000 	C:\WINDOWS\System32\KERNEL32.DLL
0x00007ff8b0610000 - 0x00007ff8b08d9000 	C:\WINDOWS\System32\KERNELBASE.dll
0x00007ff8b02c0000 - 0x00007ff8b03c0000 	C:\WINDOWS\System32\ucrtbase.dll
0x00007ff8ab270000 - 0x00007ff8ab288000 	C:\Users\Mikey\.jdks\openjdk-16.0.2\bin\jli.dll
0x00007ff8b2380000 - 0x00007ff8b2520000 	C:\WINDOWS\System32\USER32.dll
0x00007ff8b08e0000 - 0x00007ff8b0902000 	C:\WINDOWS\System32\win32u.dll
0x00007ff8b2600000 - 0x00007ff8b262a000 	C:\WINDOWS\System32\GDI32.dll
0x00007ff8b0910000 - 0x00007ff8b0a1b000 	C:\WINDOWS\System32\gdi32full.dll
0x00007ff8b0570000 - 0x00007ff8b060d000 	C:\WINDOWS\System32\msvcp_win.dll
0x00007ff8ab250000 - 0x00007ff8ab269000 	C:\Users\Mikey\.jdks\openjdk-16.0.2\bin\VCRUNTIME140.dll
0x00007ff898ca0000 - 0x00007ff898f3a000 	C:\WINDOWS\WinSxS\amd64_microsoft.windows.common-controls_6595b64144ccf1df_6.0.19041.1110_none_60b5254171f9507e\COMCTL32.dll
0x00007ff8b1720000 - 0x00007ff8b17be000 	C:\WINDOWS\System32\msvcrt.dll
0x00007ff8b0ca0000 - 0x00007ff8b0cd0000 	C:\WINDOWS\System32\IMM32.DLL
0x00007ff8ab550000 - 0x00007ff8ab55c000 	C:\Users\Mikey\.jdks\openjdk-16.0.2\bin\vcruntime140_1.dll
0x00007ff8a8eb0000 - 0x00007ff8a8f41000 	C:\Users\Mikey\.jdks\openjdk-16.0.2\bin\msvcp140.dll
0x00007ff879910000 - 0x00007ff87a4bb000 	C:\Users\Mikey\.jdks\openjdk-16.0.2\bin\server\jvm.dll
0x00007ff8b1550000 - 0x00007ff8b15fc000 	C:\WINDOWS\System32\ADVAPI32.dll
0x00007ff8b2a00000 - 0x00007ff8b2a9b000 	C:\WINDOWS\System32\sechost.dll
0x00007ff8b28d0000 - 0x00007ff8b29fa000 	C:\WINDOWS\System32\RPCRT4.dll
0x00007ff8b2850000 - 0x00007ff8b2858000 	C:\WINDOWS\System32\PSAPI.DLL
0x00007ff896400000 - 0x00007ff896409000 	C:\WINDOWS\SYSTEM32\WSOCK32.dll
0x00007ff8b2860000 - 0x00007ff8b28cb000 	C:\WINDOWS\System32\WS2_32.dll
0x00007ff89d460000 - 0x00007ff89d487000 	C:\WINDOWS\SYSTEM32\WINMM.dll
0x00007ff8a9980000 - 0x00007ff8a998a000 	C:\WINDOWS\SYSTEM32\VERSION.dll
0x00007ff8ae1b0000 - 0x00007ff8ae1c2000 	C:\WINDOWS\SYSTEM32\kernel.appcore.dll
0x00007ff8ab320000 - 0x00007ff8ab32a000 	C:\Users\Mikey\.jdks\openjdk-16.0.2\bin\jimage.dll
0x00007ff897110000 - 0x00007ff8972f4000 	C:\WINDOWS\SYSTEM32\DBGHELP.DLL
0x00007ff8950d0000 - 0x00007ff8950fc000 	C:\WINDOWS\SYSTEM32\dbgcore.DLL
0x00007ff8b0b30000 - 0x00007ff8b0bb3000 	C:\WINDOWS\System32\bcryptPrimitives.dll
0x00007ff8aae60000 - 0x00007ff8aae6e000 	C:\Users\Mikey\.jdks\openjdk-16.0.2\bin\instrument.dll
0x00007ff8ab130000 - 0x00007ff8ab155000 	C:\Users\Mikey\.jdks\openjdk-16.0.2\bin\java.dll

dbghelp: loaded successfully - version: 4.0.5 - missing functions: none
symbol engine: initialized successfully - sym options: 0x614 - pdb path: .;C:\Users\Mikey\.jdks\openjdk-16.0.2\bin;C:\WINDOWS\SYSTEM32;C:\WINDOWS\WinSxS\amd64_microsoft.windows.common-controls_6595b64144ccf1df_6.0.19041.1110_none_60b5254171f9507e;C:\Users\Mikey\.jdks\openjdk-16.0.2\bin\server

VM Arguments:
jvm_args: -javaagent:C:\Program Files\JetBrains\IntelliJ IDEA Community Edition 2021.1\lib\idea_rt.jar=61715:C:\Program Files\JetBrains\IntelliJ IDEA Community Edition 2021.1\bin -Dfile.encoding=UTF-8 
java_command: com.example.server.ServerApplication
java_class_path (initial): C:\Users\Mikey\Desktop\Student\server\target\classes;C:\Users\Mikey\.m2\repository\org\springframework\boot\spring-boot-starter-data-jpa\2.5.3\spring-boot-starter-data-jpa-2.5.3.jar;C:\Users\Mikey\.m2\repository\org\springframework\boot\spring-boot-starter-aop\2.5.3\spring-boot-starter-aop-2.5.3.jar;C:\Users\Mikey\.m2\repository\org\springframework\spring-aop\5.3.9\spring-aop-5.3.9.jar;C:\Users\Mikey\.m2\repository\org\aspectj\aspectjweaver\1.9.7\aspectjweaver-1.9.7.jar;C:\Users\Mikey\.m2\repository\org\springframework\boot\spring-boot-starter-jdbc\2.5.3\spring-boot-starter-jdbc-2.5.3.jar;C:\Users\Mikey\.m2\repository\com\zaxxer\HikariCP\4.0.3\HikariCP-4.0.3.jar;C:\Users\Mikey\.m2\repository\org\springframework\spring-jdbc\5.3.9\spring-jdbc-5.3.9.jar;C:\Users\Mikey\.m2\repository\jakarta\transaction\jakarta.transaction-api\1.3.3\jakarta.transaction-api-1.3.3.jar;C:\Users\Mikey\.m2\repository\jakarta\persistence\jakarta.persistence-api\2.2.3\jakarta.persistence-api-2.2.3.jar;C:\Users\Mikey\.m2\repository\org\hibernate\hibernate-core\5.4.32.Final\hibernate-core-5.4.32.Final.jar;C:\Users\Mikey\.m2\repository\org\jboss\logging\jboss-logging\3.4.2.Final\jboss-logging-3.4.2.Final.jar;C:\Users\Mikey\.m2\repository\org\javassist\javassist\3.27.0-GA\javassist-3.27.0-GA.jar;C:\Users\Mikey\.m2\repository\net\bytebuddy\byte-buddy\1.10.22\byte-buddy-1.10.22.jar;C:\Users\Mikey\.m2\repository\antlr\antlr\2.7.7\antlr-2.7.7.jar;C:\Users\Mikey\.m2\repository\org\jboss\jandex\2.2.3.Final\jandex-2.2.3.Final.jar;C:\Users\Mikey\.m2\repository\com\fasterxml\classmate\1.5.1\classmate-1.5.1.jar;C:\Users\Mikey\.m2\repository\org\dom4j\dom4j\2.1.3\dom4j-2.1.3.jar;C:\Users\Mikey\.m2\repository\org\hibernate\common\hibernate-commons-annotations\5.1.2.Final\hibernate-commons-annotations-5.1.2.Final.jar;C:\Users\Mikey\.m2\repository\org\glassfish\jaxb\jaxb-runtime\2.3.4\jaxb-runtime-2.3.4.jar;C:\Users\Mikey\.m2\repository\org\glassfish\jaxb\txw2\2.3.4\txw2-2.3.4.jar;C
Launcher Type: SUN_STANDARD

[Global flags]
     intx CICompilerCount                          = 3                                         {product} {ergonomic}
     uint ConcGCThreads                            = 1                                         {product} {ergonomic}
     uint G1ConcRefinementThreads                  = 4                                         {product} {ergonomic}
   size_t G1HeapRegionSize                         = 2097152                                   {product} {ergonomic}
    uintx GCDrainStackTargetSize                   = 64                                        {product} {ergonomic}
   size_t InitialHeapSize                          = 268435456                                 {product} {ergonomic}
   size_t MarkStackSize                            = 4194304                                   {product} {ergonomic}
   size_t MaxHeapSize                              = 4278190080                                {product} {ergonomic}
   size_t MinHeapDeltaBytes                        = 2097152                                   {product} {ergonomic}
   size_t MinHeapSize                              = 8388608                                   {product} {ergonomic}
    uintx NonNMethodCodeHeapSize                   = 5832780                                {pd product} {ergonomic}
    uintx NonProfiledCodeHeapSize                  = 122912730                              {pd product} {ergonomic}
    uintx ProfiledCodeHeapSize                     = 122912730                              {pd product} {ergonomic}
    uintx ReservedCodeCacheSize                    = 251658240                              {pd product} {ergonomic}
     bool SegmentedCodeCache                       = true                                      {product} {ergonomic}
   size_t SoftMaxHeapSize                          = 4278190080                             {manageable} {ergonomic}
     bool UseCompressedClassPointers               = true                           {product lp64_product} {ergonomic}
     bool UseCompressedOops                        = true                           {product lp64_product} {ergonomic}
     bool UseG1GC                                  = true                                      {product} {ergonomic}
     bool UseLargePagesIndividualAllocation        = false                                  {pd product} {ergonomic}

Logging:
Log output configuration:
 #0: stdout all=warning uptime,level,tags
 #1: stderr all=off uptime,level,tags

Environment Variables:
JAVA_HOME=C:\Program Files\Java\jdk1.8.0_241
PATH=C:\Program Files\Common Files\Oracle\Java\javapath;C:\Python38\Scripts\;C:\Python38\;C:\Program Files (x86)\Razer\ChromaBroadcast\bin;C:\Program Files\Razer\ChromaBroadcast\bin;C:\Program Files (x86)\Common Files\Oracle\Java\javapath;C:\ProgramData\Oracle\Java\javapath;C:\Program Files (x86)\Intel\iCLS Client\;C:\Program Files\Intel\iCLS Client\;C:\Program Files (x86)\Razer Chroma SDK\bin;C:\Program Files\Razer Chroma SDK\bin;C:\WINDOWS\system32;C:\WINDOWS;C:\WINDOWS\System32\Wbem;C:\WINDOWS\System32\WindowsPowerShell\v1.0\;C:\Program Files (x86)\NVIDIA Corporation\PhysX\Common;C:\Users\Mikey\AppData\Local\Microsoft\WindowsApps;C:\Program Files (x86)\Intel\Intel(R) Management Engine Components\DAL;C:\Program Files\Intel\Intel(R) Management Engine Components\DAL;C:\Program Files (x86)\Intel\Intel(R) Management Engine Components\IPT;C:\Program Files\Intel\Intel(R) Management Engine Components\IPT;C:\Users\Mikey\AppData\Roaming\nvm;C:\Program Files\nodejs;C:\WINDOWS\System32\OpenSSH\;C:\Program Files\NVIDIA Corporation\NVIDIA NvDLISR;C:\Program Files\Microsoft VS Code\bin;C:\Program Files\dotnet\;C:\Users\Mikey\AppData\Roaming\npm;C:\Users\Mikey\.dotnet\tools;C:\Program Files\Java\jdk1.8.0_241\bin;C:\Program Files (x86)\apache-maven-3.6.3\bin;C:\Program Files\nodejs\;C:\ProgramData\chocolatey\bin;C:\Program Files\Git\cmd;C:\Program Files\Go\bin;C:\WINDOWS\system32;C:\WINDOWS;C:\WINDOWS\System32\Wbem;C:\WINDOWS\System32\WindowsPowerShell\v1.0\;C:\WINDOWS\System32\OpenSSH\;C:\Program Files\Microsoft SQL Server\130\Tools\Binn\;C:\Program Files\Microsoft SQL Server\Client SDK\ODBC\170\Tools\Binn\;C:\Program Files\Docker\Docker\resources\bin;C:\ProgramData\DockerDesktop\version-bin;C:\Users\Mikey\AppData\Local\Microsoft\WindowsApps;C:\Users\Mikey\AppData\Roaming\nvm;C:\Program Files\nodejs;C:\Program Files\Microsoft VS Code\bin;C:\Users\Mikey\.dotnet\tools;C:\Program Files\JetBrains\IntelliJ IDEA Community Edition 2021.1\bin;;C:\Users\Mikey\AppData\Roaming\npm;C:\Program 
USERNAME=Mikey
OS=Windows_NT
PROCESSOR_IDENTIFIER=Intel64 Family 6 Model 158 Stepping 9, GenuineIntel



---------------  S Y S T E M  ---------------

OS:
 Windows 10 , 64 bit Build 19041 (10.0.19041.1151)
OS uptime: 4 days 17:08 hours
Hyper-V role detected

CPU: total 4 (initial active 4) (4 cores per cpu, 1 threads per core) family 6 model 158 stepping 9 microcode 0xb4, cx8, cmov, fxsr, mmx, 3dnowpref, sse, sse2, sse3, ssse3, sse4.1, sse4.2, popcnt, lzcnt, tsc, tscinvbit, avx, avx2, aes, erms, clmul, bmi1, bmi2, rtm, adx, fma, vzeroupper, clflush, clflushopt, hv

Memory: 4k page, system-wide physical 16314M (1281M free)
TotalPageFile size 21814M (AvailPageFile size 206M)
current process WorkingSet (physical memory assigned to process): 10M, peak: 10M
current process commit charge ("private bytes"): 51M, peak: 307M

vm_info: OpenJDK 64-Bit Server VM (16.0.2+7-67) for windows-amd64 JRE (16.0.2+7-67), built on Jun  8 2021 23:21:43 by "mach5one" with MS VC++ 16.7 (VS2019)

END.
